<?xml version="1.0" encoding="UTF-8"?>
<!-- Generated by org.testng.reporters.JUnitReportReporter -->
<testsuite hostname="iRish" failures="0" tests="2" name="com.Test.Test001" time="171.990" errors="0" timestamp="2022-04-05T21:53:37 IST" skipped="0">
  <testcase classname="com.Test.Test001" name="verify_001" time="80.060"/>
  <system-out/>
  <testcase classname="com.Test.Test001" name="verify_001" time="91.930"/>
  <system-out/>
</testsuite> <!-- com.Test.Test001 -->
